INFO:__main__:Reading data from ../data/delavnice2018_kristjan.csv.
DEBUG:__main__:Reading line: Ime in Priimek
DEBUG:__main__:Reading line: Alex Fričovsky
DEBUG:__main__:Reading line: Patricija Jakopič
DEBUG:__main__:Reading line: Jaka Jakopič
DEBUG:__main__:Reading line: Lovro Košenina
DEBUG:__main__:Reading line: Jera Košenina
DEBUG:__main__:Reading line: Eva Klemenčič
DEBUG:__main__:Reading line: Neža Klemenčič
DEBUG:__main__:Reading line: Katja Eržen
DEBUG:__main__:Reading line: Aljaž Sever
DEBUG:__main__:Reading line: Veronika Sever
DEBUG:__main__:Reading line: Jakob Hostnik
DEBUG:__main__:Reading line: Vito Hostnik
DEBUG:__main__:Reading line: Dora Hostnik
DEBUG:__main__:Reading line: Nace Bukovnik
DEBUG:__main__:Reading line: Martin Nastran
DEBUG:__main__:Reading line: Johan Nastran
DEBUG:__main__:Reading line: Klara Zavrl
DEBUG:__main__:Reading line: Manca Tavčar
DEBUG:__main__:Reading line: Jerca Tavčar
DEBUG:__main__:Reading line: Hana Triller
DEBUG:__main__:Reading line: Anja Triller
DEBUG:__main__:Reading line: Maša Bertonelj
DEBUG:__main__:Reading line: Zala Bertoncelj
DEBUG:__main__:Reading line: Jerca Kokaš
DEBUG:__main__:Reading line: Izza Šink
DEBUG:__main__:Reading line: Nace Šink
DEBUG:__main__:Reading line: Nika Bergant
DEBUG:__main__:Reading line: Drejc Eržen
DEBUG:__main__:Reading line: Zale Eržen
DEBUG:__main__:Reading line: Nuša Bergant
DEBUG:__main__:Reading line: Špela Bergant
DEBUG:__main__:Reading line: Tina Družinec
DEBUG:__main__:Reading line: Eva Družinec
DEBUG:__main__:Reading line: Lina Šabec
DEBUG:__main__:Reading line: Ema Šabec
DEBUG:__main__:Reading line: Zarja Tepina
DEBUG:__main__:Reading line: Ajda Tepina
DEBUG:__main__:Reading line: Zala Šardii
DEBUG:__main__:Reading line: Nika Šardi
DEBUG:__main__:Reading line: Pija Porenta
DEBUG:__main__:Reading line: Urban Poretna
DEBUG:__main__:Reading line: Mark Ažman
DEBUG:__main__:Reading line: Bor Ažman
DEBUG:__main__:Reading line: Bor Martinjak
DEBUG:__main__:Reading line: Vid Martinjak
DEBUG:__main__:Reading line: Laura Sušnik Selak
DEBUG:__main__:Reading line: Pia Sušnik Selak
DEBUG:__main__:Reading line: Zea Juhant
DEBUG:__main__:Reading line: Neža Žargi
DEBUG:__main__:Reading line: Teja Jezeršek
DEBUG:__main__:Reading line: Andrej Škrabec
DEBUG:__main__:Reading line: Julija Škrabec
DEBUG:__main__:Reading line: Zala Kajba
DEBUG:__main__:Reading line: Ajda Mihovec
DEBUG:__main__:Reading line: Eva Segulin
DEBUG:__main__:Reading line: Jakob Segulin
DEBUG:__main__:Reading line: Hana Segulin
DEBUG:__main__:Reading line: Martin Verčič
DEBUG:__main__:Reading line: Urška Verčič
DEBUG:__main__:Reading line: Brina Mediževec
DEBUG:__main__:Reading line: Jerneja Grom
DEBUG:__main__:Reading line: Monik Grom
DEBUG:__main__:Reading line: Nika Kermelj
DEBUG:__main__:Reading line: Urban Kalan
DEBUG:__main__:Reading line: Rebeka Rupar
DEBUG:__main__:Reading line: Sara Rupar
DEBUG:__main__:Reading line: Martina Rupar
DEBUG:__main__:Reading line: Jernej Prevodnik
DEBUG:__main__:Reading line: Sara Štefelin
DEBUG:__main__:Reading line: Enej Štefelin
DEBUG:__main__:Reading line: Jerca Trilar
DEBUG:__main__:Reading line: Martin Jocif
DEBUG:__main__:Reading line: Eva Jamnik
DEBUG:__main__:Reading line: Živa Rupar
DEBUG:__main__:Reading line: Zala Križnar
DEBUG:__main__:Reading line: Klavdija Ravnikar
DEBUG:__main__:Reading line: Patricija Ravnikar
DEBUG:__main__:Reading line: Val Korenčič
DEBUG:__main__:Reading line: Lan Korenčič
DEBUG:__main__:Reading line: Nejc Potočnik
DEBUG:__main__:Reading line: Sara Potočnik
DEBUG:__main__:Reading line: Nika Potočnik
DEBUG:__main__:Reading line: Eva Franko
DEBUG:__main__:Reading line: Anže Mravlja
DEBUG:__main__:Reading line: Leja Mravlja
DEBUG:__main__:Reading line: Žana Žontar
DEBUG:__main__:Reading line: Vesna Potočnik
DEBUG:__main__:Reading line: Manca Potočnik
DEBUG:__main__:Reading line: Lucija Šifrer
DEBUG:__main__:Reading line: Miha Triler
DEBUG:__main__:Reading line: Ana Eržen
DEBUG:__main__:Reading line: Luka Eržen
DEBUG:__main__:Reading line: Jaka Logonder
DEBUG:__main__:Reading line: Karmen Logonder
DEBUG:__main__:Reading line: Martin Kolenko
DEBUG:__main__:Reading line: Gašper Bogataj
DEBUG:__main__:Reading line: Tjaš Cegnar
DEBUG:__main__:Reading line: Nace Ravnikar
DEBUG:__main__:Reading line: Peter Štefančič
DEBUG:__main__:Reading line: Ana Štefančič
DEBUG:__main__:Reading line: Žan Dražetič
DEBUG:__main__:Reading line: Leja Vončina
DEBUG:__main__:Reading line: Eva Vončina
DEBUG:__main__:Reading line: Živa Zupančič
DEBUG:__main__:Reading line: Ajda Jugovic
DEBUG:__main__:Reading line: Ema Jugovic
DEBUG:__main__:Reading line: Vid Markun
DEBUG:__main__:Reading line: Eva Markun
DEBUG:__main__:Reading line: Filip Selak
DEBUG:__main__:Reading line: Jošt Selak
INFO:__main__:Reading data from ../data/delavnice2018_kristjan.csv.
DEBUG:__main__:Reading line: Ime in Priimek
DEBUG:__main__:Reading line: Alex Fričovsky
DEBUG:__main__:Reading line: Patricija Jakopič
DEBUG:__main__:Reading line: Jaka Jakopič
DEBUG:__main__:Reading line: Lovro Košenina
DEBUG:__main__:Reading line: Jera Košenina
DEBUG:__main__:Reading line: Eva Klemenčič
DEBUG:__main__:Reading line: Neža Klemenčič
DEBUG:__main__:Reading line: Katja Eržen
DEBUG:__main__:Reading line: Aljaž Sever
DEBUG:__main__:Reading line: Veronika Sever
DEBUG:__main__:Reading line: Jakob Hostnik
DEBUG:__main__:Reading line: Vito Hostnik
DEBUG:__main__:Reading line: Dora Hostnik
DEBUG:__main__:Reading line: Nace Bukovnik
DEBUG:__main__:Reading line: Martin Nastran
DEBUG:__main__:Reading line: Johan Nastran
DEBUG:__main__:Reading line: Klara Zavrl
DEBUG:__main__:Reading line: Manca Tavčar
DEBUG:__main__:Reading line: Jerca Tavčar
DEBUG:__main__:Reading line: Hana Triller
DEBUG:__main__:Reading line: Anja Triller
DEBUG:__main__:Reading line: Maša Bertonelj
DEBUG:__main__:Reading line: Zala Bertoncelj
DEBUG:__main__:Reading line: Jerca Kokaš
DEBUG:__main__:Reading line: Izza Šink
DEBUG:__main__:Reading line: Nace Šink
DEBUG:__main__:Reading line: Nika Bergant
DEBUG:__main__:Reading line: Drejc Eržen
DEBUG:__main__:Reading line: Zale Eržen
DEBUG:__main__:Reading line: Nuša Bergant
DEBUG:__main__:Reading line: Špela Bergant
DEBUG:__main__:Reading line: Tina Družinec
DEBUG:__main__:Reading line: Eva Družinec
DEBUG:__main__:Reading line: Lina Šabec
DEBUG:__main__:Reading line: Ema Šabec
DEBUG:__main__:Reading line: Zarja Tepina
DEBUG:__main__:Reading line: Ajda Tepina
DEBUG:__main__:Reading line: Zala Šardii
DEBUG:__main__:Reading line: Nika Šardi
DEBUG:__main__:Reading line: Pija Porenta
DEBUG:__main__:Reading line: Urban Poretna
DEBUG:__main__:Reading line: Mark Ažman
DEBUG:__main__:Reading line: Bor Ažman
DEBUG:__main__:Reading line: Bor Martinjak
DEBUG:__main__:Reading line: Vid Martinjak
DEBUG:__main__:Reading line: Laura Sušnik Selak
DEBUG:__main__:Reading line: Pia Sušnik Selak
DEBUG:__main__:Reading line: Zea Juhant
DEBUG:__main__:Reading line: Neža Žargi
DEBUG:__main__:Reading line: Teja Jezeršek
DEBUG:__main__:Reading line: Andrej Škrabec
DEBUG:__main__:Reading line: Julija Škrabec
DEBUG:__main__:Reading line: Zala Kajba
DEBUG:__main__:Reading line: Ajda Mihovec
DEBUG:__main__:Reading line: Eva Segulin
DEBUG:__main__:Reading line: Jakob Segulin
DEBUG:__main__:Reading line: Hana Segulin
DEBUG:__main__:Reading line: Martin Verčič
DEBUG:__main__:Reading line: Urška Verčič
DEBUG:__main__:Reading line: Brina Mediževec
DEBUG:__main__:Reading line: Jerneja Grom
DEBUG:__main__:Reading line: Monik Grom
DEBUG:__main__:Reading line: Nika Kermelj
DEBUG:__main__:Reading line: Urban Kalan
DEBUG:__main__:Reading line: Rebeka Rupar
DEBUG:__main__:Reading line: Sara Rupar
DEBUG:__main__:Reading line: Martina Rupar
DEBUG:__main__:Reading line: Jernej Prevodnik
DEBUG:__main__:Reading line: Sara Štefelin
DEBUG:__main__:Reading line: Enej Štefelin
DEBUG:__main__:Reading line: Jerca Trilar
DEBUG:__main__:Reading line: Martin Jocif
DEBUG:__main__:Reading line: Eva Jamnik
DEBUG:__main__:Reading line: Živa Rupar
DEBUG:__main__:Reading line: Zala Križnar
DEBUG:__main__:Reading line: Klavdija Ravnikar
DEBUG:__main__:Reading line: Patricija Ravnikar
DEBUG:__main__:Reading line: Val Korenčič
DEBUG:__main__:Reading line: Lan Korenčič
DEBUG:__main__:Reading line: Nejc Potočnik
DEBUG:__main__:Reading line: Sara Potočnik
DEBUG:__main__:Reading line: Nika Potočnik
DEBUG:__main__:Reading line: Eva Franko
DEBUG:__main__:Reading line: Anže Mravlja
DEBUG:__main__:Reading line: Leja Mravlja
DEBUG:__main__:Reading line: Žana Žontar
DEBUG:__main__:Reading line: Vesna Potočnik
DEBUG:__main__:Reading line: Manca Potočnik
DEBUG:__main__:Reading line: Lucija Šifrer
DEBUG:__main__:Reading line: Miha Triler
DEBUG:__main__:Reading line: Ana Eržen
DEBUG:__main__:Reading line: Luka Eržen
DEBUG:__main__:Reading line: Jaka Logonder
DEBUG:__main__:Reading line: Karmen Logonder
DEBUG:__main__:Reading line: Martin Kolenko
DEBUG:__main__:Reading line: Gašper Bogataj
DEBUG:__main__:Reading line: Tjaš Cegnar
DEBUG:__main__:Reading line: Nace Ravnikar
DEBUG:__main__:Reading line: Peter Štefančič
DEBUG:__main__:Reading line: Ana Štefančič
DEBUG:__main__:Reading line: Žan Dražetič
DEBUG:__main__:Reading line: Leja Vončina
DEBUG:__main__:Reading line: Eva Vončina
DEBUG:__main__:Reading line: Živa Zupančič
DEBUG:__main__:Reading line: Ajda Jugovic
DEBUG:__main__:Reading line: Ema Jugovic
DEBUG:__main__:Reading line: Vid Markun
DEBUG:__main__:Reading line: Eva Markun
DEBUG:__main__:Reading line: Filip Selak
DEBUG:__main__:Reading line: Jošt Selak
INFO:__main__:Read data for 110 participants (first: {'grade': 6, 'activities': [], 'pref': [1, 7, 10, 6, 9, 8, 5, 2, 3, 4], 'id': 0, 'name': 'Alex Fri\xc4\x8dovsky'}, last: {'grade': 4, 'activities': [], 'pref': [1, 7, 8, 4, 6, 2, 3, 5, 9, 10], 'id': 109, 'name': 'Jo\xc5\xa1t Selak'}) and 10 activities.
INFO:timetablenator.CsvReader:Reading data from ../data/delavnice2018_kristjan.csv.
INFO:timetablenator.CsvReader:Read data for 110 participants (first: {'id': 0, 'name': 'Alex Fričovsky', 'activities': [], 'pref': [1, 7, 10, 6, 9, 8, 5, 2, 3, 4], 'grade': 6}, last: {'id': 109, 'name': 'Jošt Selak', 'activities': [], 'pref': [1, 7, 8, 4, 6, 2, 3, 5, 9, 10], 'grade': 4}) and 10 activities.
INFO:timetablenator.CsvReader:Reading data from ../data/delavnice2018_kristjan.csv.
INFO:timetablenator.CsvReader:Read data for 110 participants (first: {'pref': [1, 7, 10, 6, 9, 8, 5, 2, 3, 4], 'activities': [], 'id': 0, 'grade': 6, 'name': 'Alex Fričovsky'}, last: {'pref': [1, 7, 8, 4, 6, 2, 3, 5, 9, 10], 'activities': [], 'id': 109, 'grade': 4, 'name': 'Jošt Selak'}) and 10 activities.
INFO:timetablenator.CsvReader:Reading data from ../data/delavnice2018_kristjan.csv.
INFO:timetablenator.CsvReader:Read data for 110 participants 
(first: 
{'pref': [1, 7, 10, 6, 9, 8, 5, 2, 3, 4], 'activities': [], 'id': 0, 'name': 'Alex Fričovsky', 'grade': 6} 
last: 
{'pref': [1, 7, 8, 4, 6, 2, 3, 5, 9, 10], 'activities': [], 'id': 109, 'name': 'Jošt Selak', 'grade': 4}), 
number of activities: 10.
INFO:timetablenator.CsvReader:Reading data from ../data/delavnice2018_kristjan.csv.
INFO:timetablenator.CsvReader:Number of participants: 110.
-- first:
{'activities': [], 'id': 0, 'pref': [1, 7, 10, 6, 9, 8, 5, 2, 3, 4], 'grade': 6, 'name': 'Alex Fričovsky'}
-- last:
{'activities': [], 'id': 109, 'pref': [1, 7, 8, 4, 6, 2, 3, 5, 9, 10], 'grade': 4, 'name': 'Jošt Selak'}
Number of activities: 10.
INFO:timetablenator.CsvReader:Reading data from ../data/delavnice2018_kristjan.csv.
INFO:timetablenator.CsvReader:Number of participants: 110.
-- first: Alex Fričovsky
-- last: Jošt Selak
Number of activities: 10.
